1697981369283	35145812-6afe-45da-86fd-f3ef59330ade	GET	/	undefined
1697981369425	8a7c4fde-5ac8-476c-b078-f621440d82bb	GET	/	undefined
1697981369589	cedfd4b9-17c2-4eb7-a4fa-d0b10a588d2b	GET	/	undefined
1697981369750	b366ee75-c48b-4d17-b52d-046fc3507b9c	GET	/	undefined
1697981369909	81fc81ba-caa4-44a2-b61a-6f7ead383f9c	GET	/	undefined
1697981370069	bf04f961-4e64-43ef-9fde-4ca867ea6584	GET	/	undefined
1697981370227	7e884425-6418-46ac-9337-991a6a848aea	GET	/	undefined
1697981370378	370ac7c6-2dcd-4929-8f0a-40fb78e4b081	GET	/	undefined
1697981487001	546e9a9d-863f-4963-add3-5cd7594cf4e0	GET	/	undefined
1697981487177	3501ec55-e627-4859-8a88-ac9772b3988f	GET	/	undefined
1697981487354	71960a85-9e83-41f8-ae7f-768ec0114c93	GET	/	undefined
1697981487509	74f0e8c5-a599-4f98-adc9-c1e141f92818	GET	/	undefined
1697981487665	b062c037-0887-4972-9f60-506b206cd181	GET	/	undefined
1697997334775	f2fef19d-99c9-4f16-985b-824af51351dc	GET	/	undefined
1697997372215	c6d6e492-5672-430c-a07a-b188909de7ce	GET	/	undefined
1697997608540	d1b4f95e-dd0b-4c0e-821f-1534f58c73f2	POST	/	undefined
1697997619199	0ef3e522-cfc8-4813-b30c-7fafa6eaabc0	POST	/	undefined
1697997675888	36cc5b72-8567-49ab-b490-d67dfb60d521	POST	/	undefined
1697997677422	a41eedab-849d-449f-81a0-1ad48594a47e	POST	/	undefined
1697997693773	9321fa8f-d082-4ef5-a025-d2ba32a55ecf	POST	/	undefined
1697997729985	0bc83165-5c57-413c-ac3d-98526eb71b11	POST	/	undefined
1697997771806	31577047-ee41-4505-a55b-e978615ea5c1	POST	/	undefined
1697997773364	07e85622-c4ca-4ac1-a644-7bdbd5f8f9cb	POST	/	undefined
1697997846639	ff15ec01-76b8-4398-bfb6-a1723a22740a	POST	/	undefined
1697997948688	193d615b-acd3-4c42-9418-c51123390dfb	POST	/	undefined
1697997977646	b46e3d9b-2fd8-49dd-b826-235a5f69645a	POST	/	undefined
1697998015418	52a37c0f-7f97-4836-a2d7-6839435dd9ee	POST	/	undefined
1697998021528	cd8a3478-4382-4c77-be07-fd67773cc18e	GET	/	undefined
1697998032903	463ba4b9-5535-4eca-861b-1e836a8934da	GET	/653564bf8d8d8bdc50c2c7b3	undefined
1697998053418	706ebc2d-4229-46ee-91a4-288e6b418fb6	GET	/653564bf8d8d8bdc50c2c7b3	undefined
1697998109926	5ed4cf09-2e12-42bf-990b-b3a34f99febf	GET	/653564bf8d8d8bdc50c2c7b3	undefined
1697998114389	6481e327-db93-4b8d-babc-3fa2b81d6301	GET	/653564bf8d8d8bdc50c2c7b3	undefined
1697998122751	7bb9175a-2b98-4059-b879-6c782ea4a429	GET	/653564bf8d8d8bdc50c2c7b3	undefined
1697998126993	2c42dedc-827f-4ecc-8c83-3f6eebcc66e7	GET	/653564bf8d8d8bdc50c2c7b3	undefined
1697998145077	50a51c4f-7e8b-4487-8db0-e411616afc27	GET	/653564bf8d8d8bdc50c2c7b3	undefined
1697998154757	6afcc165-a1ec-4aac-aa36-f36cfe2ad3a2	GET	/653564bf8d8d8bdc50c2c7b3	undefined
1697998260551	d647a29e-9816-442a-b537-9c8afd3f27b7	GET	/653564bf8d8d8bdc50c2c7b3	undefined
1697998261541	01741586-e4b1-427d-8397-d7f37d7f11b1	GET	/653564bf8d8d8bdc50c2c7b3	undefined
1697998275263	f2800a7a-7af5-46cb-9a27-75b81cebda1b	GET	/653564bf8d8d8bdc50c2c7b3	undefined
1697998323565	2b92e6c1-c318-4301-be63-f1cb98328b13	GET	/article/653564bf8d8d8bdc50c2c7b3	undefined
1697998349491	e531e1a1-c3a3-4df7-b3c9-baa8ed47a0e1	GET	/api/article/653564bf8d8d8bdc50c2c7b3	undefined
1697998383256	76ca6226-70d5-434f-ba27-0aa669575061	GET	/api/653564bf8d8d8bdc50c2c7b3	undefined
1697998399372	946707d6-c8cc-493b-99bf-0646cf41b6d1	GET	/api/653564bf8d8d8bdc50c2c7b3	undefined
1697998413223	844df8c0-e714-46ef-ada7-a7e21dd4065d	GET	/api/653564bf8d8d8bdc50c2c7b3	undefined
1697998696880	04ce1824-c00a-4a22-a7c9-3e7181def996	GET	/api/653564bf8d8d8bdc50c2c7b3	undefined
1697998757743	33d85139-b4b9-404c-8a6b-e7afd5c08663	PATCH	/api/653564bf8d8d8bdc50c2c7b3	undefined
1697998791091	56768f64-67e7-4ba0-896f-e19c9a14affe	PUT	/api/653564bf8d8d8bdc50c2c7b3	undefined
1697998800587	7bcf6522-6dff-4b8f-966c-e67e833f0d36	GET	/api/653564bf8d8d8bdc50c2c7b3	undefined
1697998815807	93c3194a-eca9-4814-bbf2-21197c8362ea	DELETE	/api/653564bf8d8d8bdc50c2c7b3	undefined
1697998818838	eb5e855f-f01c-4d24-b836-e23cf310bd60	GET	/api/653564bf8d8d8bdc50c2c7b3	undefined
1697998824137	261f5064-ae8f-4c4d-8a37-aa05a6ebf53d	GET	/api/	undefined
1698004448438	8cbb559f-6bb7-4607-9276-38092f6d0583	GET	/	undefined
1698004449936	dc1d4263-5c8a-4b58-99e7-eec2c4ca2a30	GET	/	undefined
1698004450593	a20900a0-8cdd-4268-bda3-a6d2db7bd0e0	GET	/	undefined
1698004464309	91d56d89-eb80-42a3-855c-87c72a390c4f	GET	/	undefined
1698004464990	c4083bd1-207a-493c-8dae-e3f150fbc507	GET	/	undefined
1698004479547	86f694fa-4117-4d8e-b96f-15ac26593de2	GET	/	undefined
1698004480317	a279805a-8f24-46be-bfb8-4c3766929290	GET	/	undefined
1698004480791	f45cc447-e513-4770-a54e-ecc1800d3f27	GET	/	undefined
1698004480996	ae94c940-ed92-43b0-ae3e-23e0b3f711b1	GET	/	undefined
1698004481137	0613a66c-f2cd-4c78-9704-afc6e6c97c48	GET	/	undefined
1698004516434	955c7fe0-f989-41a0-836d-6e0868e0ce18	GET	/	undefined
1698004914871	e823c451-82ac-44bd-a647-e13e2ce93bd3	GET	/	undefined
1698241914535	15eeb718-018b-4d57-a21f-092db3eb8582	GET	/api/	http://localhost:5173
1698241914621	e76d4611-0379-4fe5-92b3-b2e2826f7ca6	GET	/api/	http://localhost:5173
1698241914683	069ca3ca-16d9-4e84-86cb-a8b3ab02351f	GET	/api/	http://localhost:5173
1698241914742	2d7c7b11-3538-4f28-b7ee-8004d5fd9bc3	GET	/api/	http://localhost:5173
1698241914798	d9c575d7-2fa2-4c9f-a510-6360c10359e7	GET	/api/	http://localhost:5173
1698241914858	269ef178-de82-4a33-ae61-5a80c22e93da	GET	/api/	http://localhost:5173
1698241914915	25d52734-34f4-4b4b-b45a-ca378cb128c9	GET	/api/	http://localhost:5173
1698241914977	d74bd1f6-8d53-45d3-9ce8-2fbb85eaf948	GET	/api/	http://localhost:5173
1698241915036	be5d1420-6d4e-4371-be44-deb2c6e4cbce	GET	/api/	http://localhost:5173
1698241915094	cbe57001-2a41-488b-88ef-050b4daa4592	GET	/api/	http://localhost:5173
1698241915152	a4f40464-a595-4a50-9131-fcde56a68d2e	GET	/api/	http://localhost:5173
1698241915207	b8e854f8-8cdd-4421-9fff-1ace3041409d	GET	/api/	http://localhost:5173
1698241915266	2c074d17-3901-4bd0-b8f1-fc2b69741ca2	GET	/api/	http://localhost:5173
1698241915323	8923b234-233a-4807-a8c2-bc50a0f5da87	GET	/api/	http://localhost:5173
1698241915377	a0505ce5-2248-485b-bb3e-ce15b3bd25b1	GET	/api/	http://localhost:5173
1698241915455	1cd4bf57-7ab7-47f4-bc81-a6e8bf7ad79a	GET	/api/	http://localhost:5173
1698241915512	8522e350-6a7a-45ce-95d3-96a921b11038	GET	/api/	http://localhost:5173
1698241915567	33b2a8cc-75d7-4c56-991a-1e8ca796b784	GET	/api/	http://localhost:5173
1698241915622	43ca0d71-5c51-4790-bb7e-59b068c351d6	GET	/api/	http://localhost:5173
1698241915685	7007b7b3-3c02-4be0-ae19-a7075e88c30b	GET	/api/	http://localhost:5173
1698241915741	eada8dd1-afe6-4211-9bf9-d6cb91f384ee	GET	/api/	http://localhost:5173
1698241915798	d444aa42-da68-4790-a081-840dc5f2dacb	GET	/api/	http://localhost:5173
1698241915854	b0ee30de-e884-460f-9024-6a8bb03afa1b	GET	/api/	http://localhost:5173
1698241915908	bf56e77e-1d77-4de5-98de-c3a8382ae585	GET	/api/	http://localhost:5173
1698241915963	3ae26c73-9311-4417-a60c-aaeb0ba3a5e5	GET	/api/	http://localhost:5173
1698241916022	2a38aea3-0398-49f9-8efa-a8243a39ec82	GET	/api/	http://localhost:5173
1698241916078	d4de2450-203f-49e4-9d26-e3117b6a28cb	GET	/api/	http://localhost:5173
1698241916132	354d013d-89c6-454e-b5da-0c8122c27395	GET	/api/	http://localhost:5173
1698241916187	18d7125f-690d-4d95-b12b-b91c486440eb	GET	/api/	http://localhost:5173
1698241916242	736b4b45-0b76-4609-9ddc-6173f6f3bd64	GET	/api/	http://localhost:5173
1698241916295	663856e2-9640-47e3-b774-f387b54b36f8	GET	/api/	http://localhost:5173
1698241916350	9aa61ffd-249e-4b06-84db-5290c2864582	GET	/api/	http://localhost:5173
1698241916405	8a3a22aa-1621-4567-b48c-0c012892c40c	GET	/api/	http://localhost:5173
1698241916493	578cc3f9-9084-43ad-ab26-f33794bcaec0	GET	/api/	http://localhost:5173
1698241916548	52fbc294-1074-4f23-a9ea-2d84c3cfedaa	GET	/api/	http://localhost:5173
1698241916602	0051206e-002b-4c1a-958f-57b3c1d59637	GET	/api/	http://localhost:5173
1698241916656	bbc412c6-2532-4bbb-acfb-37a01d0210df	GET	/api/	http://localhost:5173
1698241916715	3bf19477-0cb2-4749-99d8-4183a9e17642	GET	/api/	http://localhost:5173
1698241916769	4833619c-8605-4e49-8936-7dca65fbca6d	GET	/api/	http://localhost:5173
1698241916829	a83e6b56-eb06-4267-8db9-6419e655ef95	GET	/api/	http://localhost:5173
1698241916884	2d0a401c-d3e7-454c-99fb-426136ff91a9	GET	/api/	http://localhost:5173
1698241916940	118c9944-2523-41cd-ae05-e9a8f6bf0b5b	GET	/api/	http://localhost:5173
1698241916996	4fa925a1-d30e-4ce1-9c04-386ddf01f40b	GET	/api/	http://localhost:5173
1698241917051	7e5ba4e6-e661-4e9e-8b39-9537825a462c	GET	/api/	http://localhost:5173
1698241917105	20c4e0c9-d7b9-4ad9-852a-9bdbc3ac8a35	GET	/api/	http://localhost:5173
1698241917166	e27918e5-a794-446d-8516-892028781f9e	GET	/api/	http://localhost:5173
1698241917230	d7540bf2-7aa8-425a-aac6-197734d813df	GET	/api/	http://localhost:5173
1698241917284	ab97168b-7ac1-453d-8ab2-182f698652a6	GET	/api/	http://localhost:5173
1698241917354	6aa6a940-10d6-4602-a417-3e37d23dbd15	GET	/api/	http://localhost:5173
1698241917407	b645676b-c17d-4d82-8208-7cd8dc9e85d4	GET	/api/	http://localhost:5173
1698241917461	3ccd61c4-c27f-4c74-b701-99c317f78726	GET	/api/	http://localhost:5173
1698241917526	dcd15ff3-19e7-41a6-ac0e-498b6819d6c1	GET	/api/	http://localhost:5173
1698241917578	faf766a5-8c5b-4d01-a4f0-f12fc5b940c8	GET	/api/	http://localhost:5173
1698241917633	45536968-c0bb-4e57-84db-6e682e6dd3d2	GET	/api/	http://localhost:5173
1698241917698	4fbc9fc2-abf8-4fcd-abfa-67f2196b5cb5	GET	/api/	http://localhost:5173
1698241917754	5cad5cce-e741-4df8-ab0e-56b5223ca5a4	GET	/api/	http://localhost:5173
1698241917811	7d7f99d4-fb58-49dc-a58a-fd358eba08f3	GET	/api/	http://localhost:5173
1698241917869	6c39dd25-63e2-4ba9-8471-db3ae523138a	GET	/api/	http://localhost:5173
1698241917925	a121f53a-8503-42ac-af5c-72f19b8fb28e	GET	/api/	http://localhost:5173
1698241917982	d5f79585-220b-4e4c-87ef-96a55e092669	GET	/api/	http://localhost:5173
1698241918039	9cae151e-e457-4a8a-ae24-1c01e4a84eae	GET	/api/	http://localhost:5173
1698241918093	0610f9c5-297d-4d84-a55f-488baa86f297	GET	/api/	http://localhost:5173
1698241918147	934438f9-96e4-4226-bf57-50f428cddafe	GET	/api/	http://localhost:5173
1698241918201	9b271d91-6524-4b79-b853-1dc5e3108aaf	GET	/api/	http://localhost:5173
1698241918254	29dc68da-a868-41ae-8f2f-e6554a218e06	GET	/api/	http://localhost:5173
1698241918310	b3b034b9-cedf-4aee-9eeb-b851de839cef	GET	/api/	http://localhost:5173
1698241918365	27e9ac35-3757-4e5e-a9ee-fbd1a9291830	GET	/api/	http://localhost:5173
1698241918419	c1c150a9-d6c7-48c8-a531-5993b1a93dd1	GET	/api/	http://localhost:5173
1698241918480	052b3176-7345-4082-80c1-7d1047498b91	GET	/api/	http://localhost:5173
1698241918535	37c05f79-a7eb-42c7-aa5f-76d2f5118bb9	GET	/api/	http://localhost:5173
1698241918589	3e4abcde-52cf-4d97-a1ea-00bda24a661e	GET	/api/	http://localhost:5173
1698241918646	4ae24a80-df17-4159-819f-0c575a1ba2d7	GET	/api/	http://localhost:5173
1698241918703	2b11214c-9b47-4356-a7b7-c537982bff72	GET	/api/	http://localhost:5173
1698241918760	4df1d9de-6fa5-4655-acb3-86638e5a82ce	GET	/api/	http://localhost:5173
1698241918818	ed2f5099-b75b-4187-99d5-627a6c877a25	GET	/api/	http://localhost:5173
1698241918872	ce4b007a-a0b3-4d3a-8a45-c71893aae98f	GET	/api/	http://localhost:5173
1698241918926	17ee7f08-58f2-47d6-b08f-3ecfb5b98a0a	GET	/api/	http://localhost:5173
1698241918979	0337ce59-2880-499b-b1b5-ac1562fc4576	GET	/api/	http://localhost:5173
1698241919035	cc634e32-6a9e-4414-9320-57475d945299	GET	/api/	http://localhost:5173
1698241919089	a355d2bf-2191-4120-943d-59d7abe8d2cf	GET	/api/	http://localhost:5173
1698241919147	c004e3c9-5f4b-492d-b294-8334eec4ffaa	GET	/api/	http://localhost:5173
1698241919210	6f44e11e-2c75-42ce-a0f9-72859d2ca38b	GET	/api/	http://localhost:5173
1698241919266	d745e17f-7b92-4030-bfac-dca10f2edaab	GET	/api/	http://localhost:5173
1698241919319	51874916-cbe9-4786-b20c-b9368db2bd16	GET	/api/	http://localhost:5173
1698241919374	646ab8f0-ce02-4512-95b5-02af40a8e69d	GET	/api/	http://localhost:5173
1698241919429	159597ff-78b9-4bb6-82d2-708fb1b4d332	GET	/api/	http://localhost:5173
1698241919501	b06f5cd4-8ef2-418c-9235-0e45ef167670	GET	/api/	http://localhost:5173
1698241919558	c46e26ed-09c7-4a65-9dda-d623d5cd7a57	GET	/api/	http://localhost:5173
1698241919615	f55c45f0-3aec-4717-8e9e-0835c8733821	GET	/api/	http://localhost:5173
1698241919669	ea66c721-cfbb-4b62-a498-79eee2d97d96	GET	/api/	http://localhost:5173
1698241919724	b8a0855c-9889-4e2c-baaa-b622af0700f5	GET	/api/	http://localhost:5173
1698241919779	e2379ade-8e56-4b5b-8b89-712783b1c051	GET	/api/	http://localhost:5173
1698241919836	2621caaf-b3ee-45a2-8ffc-9d2be82d3474	GET	/api/	http://localhost:5173
1698241919892	682bcdb6-06b6-487b-9c31-8fd98aacf8d8	GET	/api/	http://localhost:5173
1698241919955	41ea0af2-efa5-456a-9d2a-dd52b3196b69	GET	/api/	http://localhost:5173
1698241920010	d9eab761-80d9-4c3f-a05c-371f61b8a0c2	GET	/api/	http://localhost:5173
1698241920063	f2cbddeb-d45a-43dd-aa97-dd35e6c2879c	GET	/api/	http://localhost:5173
1698241920118	1890d595-d03f-4e2b-8ccb-17d4bdb63a8e	GET	/api/	http://localhost:5173
1698241920171	cb108409-3333-43b8-a43f-d10c22582a4f	GET	/api/	http://localhost:5173
1698241920226	d41e55c1-316b-4dbc-9d74-162cd8b7dc96	GET	/api/	http://localhost:5173
1698241920284	0cd86fb7-41e7-48ab-9ca6-028230829037	GET	/api/	http://localhost:5173
1698241920342	f8d0bb00-0150-42a9-b19b-eab5c7c0ea2d	GET	/api/	http://localhost:5173
1698241920407	e1459b98-7167-429f-8f99-19340e0f1632	GET	/api/	http://localhost:5173
1698241920461	5290221e-6adc-4353-b32d-5579f6994401	GET	/api/	http://localhost:5173
1698241920515	082368dc-3d4d-4059-8760-28c380912ac3	GET	/api/	http://localhost:5173
1698241920574	41fdd6d0-da36-4b87-bc1b-d32738414b96	GET	/api/	http://localhost:5173
1698241920630	33e47889-96a6-415b-9a96-2408c302f8b9	GET	/api/	http://localhost:5173
1698241920688	62bdf086-969d-488d-8cd2-b9086f75e2b3	GET	/api/	http://localhost:5173
1698241920746	b60abc38-a8de-4c65-bb30-336a83891b23	GET	/api/	http://localhost:5173
1698241920801	619eaf1c-a8c1-43bb-968f-c459687695f2	GET	/api/	http://localhost:5173
1698241920856	ac6f3225-5d92-4b81-8dd6-05d2b6970dd6	GET	/api/	http://localhost:5173
1698241920920	a68c7ce8-bc3d-4e8f-8ebc-fb3ecb8fd183	GET	/api/	http://localhost:5173
1698241920974	3f57927a-56e1-407a-bbed-bac728d94640	GET	/api/	http://localhost:5173
1698241921031	5cc64ffc-50f2-4760-bbee-48d11d244c00	GET	/api/	http://localhost:5173
1698241921085	a73d0ec8-00ee-43f0-b1b1-6d914e9c9406	GET	/api/	http://localhost:5173
1698241921140	060889cb-dac2-48fe-8259-72f12f1939c5	GET	/api/	http://localhost:5173
1698241921199	4137af06-6ea3-4389-9376-13ad851f4f56	GET	/api/	http://localhost:5173
1698241921261	d6bd6a68-d2a4-4b8a-ac78-c73ed526bd74	GET	/api/	http://localhost:5173
1698241921318	74810bce-eba7-4b96-90ac-9d2fc515f2c6	GET	/api/	http://localhost:5173
1698241921372	5cb297ea-c6f1-41c6-9faf-15d9957099fc	GET	/api/	http://localhost:5173
1698241921430	ee0c6c19-4c03-46c5-8b56-f510e45222a9	GET	/api/	http://localhost:5173
1698241921485	f334ca07-2dda-44ea-a5cf-2aadcbe74b5a	GET	/api/	http://localhost:5173
1698241921556	dc4efdb0-04d6-4615-9291-25b7e6e9d415	GET	/api/	http://localhost:5173
1698241921611	364f4f82-040d-4793-b259-12f978f0a3c9	GET	/api/	http://localhost:5173
1698241921665	76b5958c-5155-40c3-b3d1-fbdeb636538c	GET	/api/	http://localhost:5173
1698241921722	a8e3145d-77ec-4066-8af0-9d631d48bb8c	GET	/api/	http://localhost:5173
1698241921778	0c7c8764-0072-457a-b97a-3e44dfc10d0d	GET	/api/	http://localhost:5173
1698241921832	36c0a549-5048-43aa-b290-937b6af71626	GET	/api/	http://localhost:5173
1698241921886	858d382b-ea88-4e41-8964-7d18c865fa7e	GET	/api/	http://localhost:5173
1698241921942	a6bf1c64-188a-4f86-9aac-b551c81f73a4	GET	/api/	http://localhost:5173
1698241921998	1af45aca-9319-4749-88cc-34a1f275cc04	GET	/api/	http://localhost:5173
1698241922052	19602533-dc41-43c2-b0c2-4659a12abac1	GET	/api/	http://localhost:5173
1698241922122	ade5286a-4d48-478a-af3a-3c6110d7aa58	GET	/api/	http://localhost:5173
1698241922177	c3e13fe5-f538-40a7-bd37-c18797611716	GET	/api/	http://localhost:5173
1698241922234	63f5285e-e06b-4077-9ea0-cecfd2579d95	GET	/api/	http://localhost:5173
1698241922293	e062a6b8-ee83-459f-bbcf-e34355379d18	GET	/api/	http://localhost:5173
1698241922347	f85da89c-bbfc-4321-8ea7-63d5d7bde177	GET	/api/	http://localhost:5173
1698241922401	6d2c5574-ccbc-40d2-826c-17590dbf3c0a	GET	/api/	http://localhost:5173
1698241922462	36957702-51e3-47bc-ba0b-1fb230687956	GET	/api/	http://localhost:5173
1698241922516	c48c527a-2d5e-4e01-a250-bd6041790bfc	GET	/api/	http://localhost:5173
1698241922571	8d965d03-828a-4c6f-b25d-2e367bbc55a2	GET	/api/	http://localhost:5173
1698241922628	605c3599-d822-4488-8cba-d96450abee8b	GET	/api/	http://localhost:5173
1698241922687	4dc3456c-75a4-49ab-92ad-07ed00199f4d	GET	/api/	http://localhost:5173
1698241922741	32677754-a849-46a3-bc77-e66c9639bf88	GET	/api/	http://localhost:5173
1698241922795	dfb62b20-de48-42be-a37a-b39fc8005af3	GET	/api/	http://localhost:5173
1698241922848	1488643e-4500-45f7-8b0f-2384117c4b98	GET	/api/	http://localhost:5173
1698241922901	2d73b3f4-e6a8-421a-9e97-42de350426fb	GET	/api/	http://localhost:5173
1698241922956	b8915732-c3fb-4c30-97f3-57f7751a9a7e	GET	/api/	http://localhost:5173
1698241923011	e80c92c2-5b05-4290-bb25-0abc32f1e2cd	GET	/api/	http://localhost:5173
1698241923065	7aaf0c82-5237-4846-a8cf-e0391e016ba4	GET	/api/	http://localhost:5173
1698241923121	b3b13584-f566-4c37-aec4-5f0203bfebb2	GET	/api/	http://localhost:5173
1698241923179	382b470f-d072-4af6-b70d-cb143b8c7c41	GET	/api/	http://localhost:5173
1698241923232	41623610-d482-42ee-b014-47b65100b0ba	GET	/api/	http://localhost:5173
1698241923287	e9cc21b6-bfbd-46c7-aaef-3d29b005752b	GET	/api/	http://localhost:5173
1698241923343	c12694a7-c4b2-4b86-b893-74fe2b3f8af2	GET	/api/	http://localhost:5173
1698241923408	87268a46-79ef-47e6-8a37-e7cfdc17bb0a	GET	/api/	http://localhost:5173
1698241923462	d7ac726d-c0b0-49ca-a242-e8e776a5f945	GET	/api/	http://localhost:5173
1698241923516	8309470f-be73-4688-a2f5-725a0cbff07c	GET	/api/	http://localhost:5173
1698241923573	4209d6f5-3d40-41eb-a2ea-17e309deeeb1	GET	/api/	http://localhost:5173
1698241923632	3bb0ed5e-6a13-4de9-9a16-e42dd83c35dd	GET	/api/	http://localhost:5173
1698241923704	0087c8e1-1ad7-47e3-8a77-620de4676aab	GET	/api/	http://localhost:5173
1698241923764	ad749afb-e45d-4b52-88dd-ba9f62adf9fc	GET	/api/	http://localhost:5173
1698241923818	2d997db7-3d83-4b09-89b1-f8e775c9c1a9	GET	/api/	http://localhost:5173
1698241923873	1bdd25ca-72bf-4e9c-8e4a-1a461b3b6e96	GET	/api/	http://localhost:5173
1698241923928	af60b79a-6945-4f12-a222-d2d1f2105c24	GET	/api/	http://localhost:5173
1698241923982	d3aa0f57-f82e-471f-b44d-9912894b7b5d	GET	/api/	http://localhost:5173
1698241924037	774c117c-2d40-4c2f-b977-f39f3307e6dd	GET	/api/	http://localhost:5173
1698241924091	18edcfdc-1dbe-4dba-b949-c8145a23d9b3	GET	/api/	http://localhost:5173
1698241924148	9a173ebb-9f9c-4e4d-9096-58829930174e	GET	/api/	http://localhost:5173
1698241924209	f487fcbb-ffee-4495-a23d-370ed2c4b84c	GET	/api/	http://localhost:5173
1698241924264	aeb0abc9-86c8-4d69-9b0a-77a00c4eb93b	GET	/api/	http://localhost:5173
1698241924321	93f242aa-874d-41fb-97db-bc7fb74e34c8	GET	/api/	http://localhost:5173
1698241924382	04b04633-5c88-43b9-b1e8-8f4566968232	GET	/api/	http://localhost:5173
1698241924440	4e7e55bc-3ff7-4e80-a8e2-529d63e98689	GET	/api/	http://localhost:5173
1698241924495	603c5f39-adac-4450-be4f-ad282ca110e9	GET	/api/	http://localhost:5173
1698241924557	b34ab368-4fcd-4834-acb6-f47435b0557e	GET	/api/	http://localhost:5173
1698241924611	84680f3f-f41b-4d8f-986b-d963cf83e46c	GET	/api/	http://localhost:5173
1698241924671	c9f222c4-93e8-44e5-9666-89e087d71ff6	GET	/api/	http://localhost:5173
1698241924725	f0116367-0013-4dcb-8166-0f78cec8548b	GET	/api/	http://localhost:5173
1698241924780	2ed702c7-9ac8-439b-88f8-efe81442873f	GET	/api/	http://localhost:5173
1698241924835	a865fe5e-9fba-443c-9845-d9e314d7c220	GET	/api/	http://localhost:5173
1698241924890	c2df1e76-8c7f-4920-b6e6-4f3cc8aec08c	GET	/api/	http://localhost:5173
1698241924949	60b22fe2-a486-41fe-8db9-8eb48b006f35	GET	/api/	http://localhost:5173
1698241925006	5bb458c2-c22c-4b1a-929a-e1d1a02013ed	GET	/api/	http://localhost:5173
1698241925059	fea1742f-b042-4568-abf9-d0f4c6b61fe9	GET	/api/	http://localhost:5173
1698241925113	64875b0b-ae11-4978-a089-90b4898eabb3	GET	/api/	http://localhost:5173
1698241925168	07bb32e7-708c-46c2-ac1d-64f790a538b4	GET	/api/	http://localhost:5173
1698241925225	8f515454-30a3-4fd9-922b-9bf686c8cc36	GET	/api/	http://localhost:5173
1698241925279	b33c24d3-3f61-4a45-99b6-69d123f1c4a1	GET	/api/	http://localhost:5173
1698241925333	ab462ce5-0647-4e56-ae7b-23b802b94813	GET	/api/	http://localhost:5173
1698241927416	6f4a857f-4080-40fb-950a-d85d6d301360	GET	/api/	http://localhost:5173
1698241927469	76bc6c01-08f2-4e7b-b7af-a9d5dad78770	GET	/api/	http://localhost:5173
1698242130100	75ceb4e9-4421-48d0-b50f-244e774e65d9	GET	/api/	http://localhost:5173
1698242130155	c6381fe8-f816-43b7-ac27-7759cd5c6087	GET	/api/	http://localhost:5173
1698242203061	246fba7e-1d37-4f14-8bf2-e283fae78b7b	GET	/api/	http://localhost:5173
1698242203120	f79ddb66-eb3e-4947-8f48-163c1e25b04e	GET	/api/	http://localhost:5173
1698242482562	828f44c5-e60e-47d6-bb29-3bf0942f1fcc	GET	/api/	http://localhost:5173
1698242482619	b6954627-6e0b-4293-9715-bddb34ffc15c	GET	/api/	http://localhost:5173
1698242508983	f3f3b9bb-9d89-4a46-b88e-f21700de31c1	GET	/api/	http://localhost:5173
1698242509041	cdb4caba-301a-4a2a-82d1-de0b03de7215	GET	/api/	http://localhost:5173
1698242523709	b331c8e1-f6c1-46c9-b5e1-67e0ccd7c4ff	GET	/api/	http://localhost:5173
1698242523776	c0a9af05-0706-455a-9077-f98de2662d59	GET	/api/	http://localhost:5173
1698242542776	4204d90a-e7d1-4a97-b715-5e103d116b7b	GET	/api/	http://localhost:5173
1698242542830	032ce7d6-1f21-4315-a6f5-42f088a8cacb	GET	/api/	http://localhost:5173
1698242573114	e91c0ffb-2d83-4b70-9153-6952e9f9fac0	GET	/api/	http://localhost:5173
1698242573168	52d66ff3-3828-497e-8129-9ef091f3be6d	GET	/api/	http://localhost:5173
1698254437010	3e668e8c-c3e2-4427-8080-8d5580ebac72	GET	/api/	http://localhost:5173
1698254437066	ab5c9be6-c5b3-49a6-a0fe-50311d268107	GET	/api/	http://localhost:5173
1698254439264	aabb038a-f453-46d3-b8ce-72d82ae26505	GET	/api/	http://localhost:5173
1698254439322	fa3e98c4-0a7c-423b-b868-a0cd7ecf651d	GET	/api/	http://localhost:5173
1698254472968	d86790d1-bc5b-41c4-b841-57cf27975427	GET	/api/	http://localhost:5173
1698254473052	2a3cf250-ecca-4d54-a0a1-b63e0e30b36e	GET	/api/	http://localhost:5173
1698254523517	e623b4f9-c439-4bd0-aa06-f099073682fa	GET	/api/	http://localhost:5173
1698254523573	c0d8086f-49f0-4474-87bc-fee9b6adea8b	GET	/api/	http://localhost:5173
1698254528472	b7a53da7-c847-4adb-b0a2-c621747a335d	GET	/api/	http://localhost:5173
1698254528533	9d7cb617-5b37-4539-988f-5fca66cb77a6	GET	/api/	http://localhost:5173
1698254932919	38e1af9a-e9f8-495a-abc8-c2d821caaab7	POST	/api/	undefined
1698255011639	daef486a-93e7-4ea4-b6bd-f0f6263b4793	POST	/api/	http://localhost:5173
1698255022198	3d7d08b4-da50-40f3-96b0-4c35102b1dc8	GET	/api/	http://localhost:5173
1698255022265	5389b438-56cf-4d60-9663-1108028992ed	GET	/api/	http://localhost:5173
1698258812204	ded59136-8b09-4ac0-af86-d7dbd3c2d876	GET	/api/	http://localhost:5173
1698258812285	bcd6f3b6-f312-4384-a3c9-da82b0cbcd09	GET	/api/	http://localhost:5173
1698258947257	af3d37a5-3717-4a2b-8bd8-6359492cae15	GET	/api/	http://localhost:5173
1698258947313	aad3699d-2094-4c5a-9f8c-55f0c07aa4e3	GET	/api/	http://localhost:5173
1698258949889	82a49148-f8fa-4666-a718-f8e046cd31a9	DELETE	/api/653950a3696f081fd82250e4	http://localhost:5173
1698258954868	6d69f6e1-6146-4057-b89e-244a644c0773	GET	/api/	http://localhost:5173
1698258954928	75687a4c-dd68-464a-a41a-32bd94e28fb2	GET	/api/	http://localhost:5173
1698258975911	c7abea67-396d-4f58-a4f6-6501f13b0c29	DELETE	/api/653950551efb5a96f165127e	http://localhost:5173
1698259006441	6bc010ff-e6cf-48dd-a39b-81f100d660a6	GET	/api/	http://localhost:5173
1698259006512	5d946c8e-3936-4ac5-97f5-451ab25cb138	GET	/api/	http://localhost:5173
1698259139495	f2dfdd28-608a-4b4d-9d3b-b7720cbd725f	GET	/api/	http://localhost:5173
1698259139562	841244df-e2fa-4686-baad-89c873fabc92	GET	/api/	http://localhost:5173
1698259144629	964c61b5-20b3-4b3b-8852-0fb89b38753e	DELETE	/api/65356499ae6d41add6410fa8	http://localhost:5173
1698259149752	a714343e-79c2-4a10-9cfa-317d5ee085e5	GET	/api/	http://localhost:5173
1698259149810	f0ee89f0-cfca-40ba-b400-bd486e6682d5	GET	/api/	http://localhost:5173
1698259183525	c48e6485-f2de-4342-9c6a-73e697037ae8	GET	/api/	http://localhost:5173
1698259183584	cde00457-e680-4edf-abb0-d86d5e3b2a3c	GET	/api/	http://localhost:5173
1698259187789	942340f7-75d8-46e2-b00c-9140285d781a	DELETE	/api/6535647c4f1e32d152a9098d	http://localhost:5173
1698259190839	b60fb369-2503-4f78-8398-d79f1d41ac3a	GET	/api/	http://localhost:5173
1698259190896	835f1329-b2d0-487a-8464-ac78f4d59b58	GET	/api/	http://localhost:5173
1698259204467	fe780173-6f84-4239-8e70-3d06be73ac26	GET	/api/	http://localhost:5173
1698259204528	ca6e77d1-6294-4d6b-b4a8-f6f255e45366	GET	/api/	http://localhost:5173
1698259223645	371600c9-55fc-4a59-8c14-6c9ae736617e	GET	/api/	http://localhost:5173
1698259223713	b1eb410e-795f-4ceb-a69a-73a816df917d	GET	/api/	http://localhost:5173
1698259225681	cad47c5f-9b42-48eb-90e4-86563af85772	DELETE	/api/653564164f1e32d152a9098b	http://localhost:5173
1698259257554	988a8ffa-f9e9-4f11-824c-983aa5a7c151	GET	/api/	http://localhost:5173
1698259257613	cd9d11a7-ba8f-4ca8-a119-8abdc6abf4f3	GET	/api/	http://localhost:5173
1698259260543	d315a4ce-29cc-4cb2-861a-c54a9aa5ce05	GET	/api/	http://localhost:5173
1698259260606	1c7f1565-d760-4f04-a5a1-689a4bf5008e	GET	/api/	http://localhost:5173
1698259279475	c641be9b-03f9-4496-a539-168cfec1d1a0	GET	/api/	http://localhost:5173
1698259279538	e28a9788-efc1-44bb-8148-e77c2430fbbe	GET	/api/	http://localhost:5173
1698259285408	117c4db6-d1e2-4efb-8d71-ee26f70fb9e0	GET	/api/	http://localhost:5173
1698259285469	8b88417c-e246-4376-88bb-0606d12799f8	GET	/api/	http://localhost:5173
1698259311527	3c5d15c8-01eb-4ba0-bdbd-cf2b8e1013c9	GET	/api/	http://localhost:5173
1698259311595	c816e3f5-279a-419d-a052-3a9e4745c3aa	GET	/api/	http://localhost:5173
1698259324502	3dd84309-9d18-4d10-9317-19d8780a4d3d	GET	/api/	http://localhost:5173
1698259324561	ce2ff17c-eb1a-4f2e-8057-01f90a2e25c2	GET	/api/	http://localhost:5173
1698259335455	3cc664d1-a428-4200-932b-e92dd020dd4a	POST	/api/	http://localhost:5173
1698259402011	c6f884b8-77f1-49bf-8aec-0a1b15210d1f	POST	/api/	http://localhost:5173
1698259425857	866219c8-945f-40c4-b594-157d113c361f	GET	/api/	http://localhost:5173
1698259425932	c7e6e33b-f4f5-405b-8575-882ee117bd47	GET	/api/	http://localhost:5173
1698259428044	d3438033-f439-4fa9-98e5-c5e2e664c7f7	DELETE	/api/653961ca50b211dee0aec33b	http://localhost:5173
1698259430365	b8d0889c-7c75-4a50-b50c-5ddb876525d5	GET	/api/	http://localhost:5173
1698259430421	3099cf29-6e0e-44a2-9db9-9026e80893ac	GET	/api/	http://localhost:5173
1698259446542	efd88702-c810-43e0-8fdb-8dcce41b55c8	GET	/api/	http://localhost:5173
1698259446600	7fce7893-3b81-416b-a5fd-026277cc8340	GET	/api/	http://localhost:5173
1698259505066	afcb435f-6903-4b00-aff7-a9172a3fa4bb	GET	/api/	http://localhost:5173
1698259505126	d7b4f64c-9a01-403a-835f-241440d8a7a9	GET	/api/	http://localhost:5173
1698259547186	db130d36-addf-4c52-bf64-5c43ec4f31fe	GET	/api/	http://localhost:5173
1698259547243	49e1b86b-089a-4f8d-80c8-75625b462ef6	GET	/api/	http://localhost:5173
1698259551225	bfc6d3e4-e30e-4e04-b9ff-30d55858a731	POST	/api/	http://localhost:5173
1698259814099	162f1ff0-a256-428b-b692-87c2fa988157	GET	/api/	http://localhost:5173
1698259814154	051bcffd-4f6a-42ac-8f0f-0609ceb64e7e	GET	/api/	http://localhost:5173
1698260095513	540c2549-2c0a-4fb6-b6e9-645e4723f895	GET	/api/	http://localhost:5173
1698260095572	dfd2cbe2-854f-4138-9e43-f509d0af9677	GET	/api/	http://localhost:5173
1698260104470	9c3d8d0f-eaab-465b-952d-a5c224af16e0	GET	/api/	http://localhost:5173
1698260104527	2195cdcc-34ea-4d2f-98c8-012291d59286	GET	/api/	http://localhost:5173
1698260160555	d97e273c-9dd9-4dd1-b3cc-62c6e8a82926	GET	/api/	http://localhost:5173
1698260160629	f6353078-95ed-426d-a28f-ddc41a5727dc	GET	/api/	http://localhost:5173
1698260258580	37cfa1b9-34e8-43e4-b7dd-50c5b9284e30	GET	/api/	http://localhost:5173
1698260258640	b262e3cb-ea9e-4164-b68f-f5c2053f649e	GET	/api/	http://localhost:5173
1698260281648	ad84ab9c-fa5a-4553-b31a-3d4394366c50	GET	/api/	http://localhost:5173
1698260281707	af350955-80a2-4437-a07d-b213fe287e90	GET	/api/	http://localhost:5173
1698260315110	12fe4a50-9189-4248-881f-428170e55825	GET	/api/	http://localhost:5173
1698260315166	b0a689d3-089a-470a-9c22-1cf24eb15699	GET	/api/	http://localhost:5173
1698260375485	ee946c2c-a4ea-47d5-a233-ae94037634ff	GET	/api/	http://localhost:5173
1698260375542	442f22a7-8196-41df-b9a4-c4fc1b4688f9	GET	/api/	http://localhost:5173
1698260381324	afea1163-d9c5-402e-8611-4e7e3916e609	GET	/api/	http://localhost:5173
1698260381390	7f12b748-216f-44e3-b0fe-2ba8f4720d1b	GET	/api/	http://localhost:5173
1698260390562	b8fc07b4-c653-44e2-a978-07078f660c90	PUT	/api/undefined	http://localhost:5173
1698260417560	628a0afd-b597-471d-875d-1591020c650a	GET	/api/	http://localhost:5173
1698260417618	abb9f983-e1c5-4095-82d4-e50f3d757998	GET	/api/	http://localhost:5173
1698260429013	71971772-1882-4a35-b8b3-6b95fa695b52	PUT	/api/undefined	http://localhost:5173
1698260433987	7a0cc8fe-2409-4f72-842d-b27db92bdfae	GET	/api/	http://localhost:5173
1698260434051	3f388cae-1927-4db1-bad6-72175517c770	GET	/api/	http://localhost:5173
1698260444482	40514454-0506-42c7-a0b2-4843db7b2812	GET	/api/	http://localhost:5173
1698260444538	7a51fec2-c5f6-4b44-a08a-0865fe94b908	GET	/api/	http://localhost:5173
1698260457357	6df0b308-6ed3-438a-ae6a-58559888d97d	GET	/api/	http://localhost:5173
1698260457424	6d35214f-6ae8-49a5-a0cc-a35a72e516e8	GET	/api/	http://localhost:5173
1698260461572	97e5e937-5212-43df-969e-5320d76df336	PUT	/api/undefined	http://localhost:5173
1698260496615	100cf379-6da3-4584-b9e5-1021301f3a8d	PUT	/api/653563cb2dce788be6a426b9	http://localhost:5173
1698260504165	fc1b6410-d0e0-49c0-90cc-9bf188b04d50	GET	/api/	http://localhost:5173
1698260504227	7b668e38-3084-45a9-8da6-5cc5b2b0c782	GET	/api/	http://localhost:5173
1698260508465	6e5fccf6-4e0d-47bc-aea8-d3e00bd4ca2a	GET	/api/	http://localhost:5173
1698260508565	d6d0eec3-292a-4ed3-9439-e44ea18155c7	GET	/api/	http://localhost:5173
1698260514032	0bc392b7-9506-4b3a-b993-37b0a5ea6504	PUT	/api/653563cb2dce788be6a426b9	http://localhost:5173
1698260546568	d3a40314-3cda-47cd-bb07-7441496e71cf	GET	/api/	http://localhost:5173
1698260546631	6ea34ca0-99bd-4aec-8f76-5a253725bf99	GET	/api/	http://localhost:5173
1698260601008	2c5ef9d5-a1a8-4969-95b0-fa633e59f6a5	GET	/api/	http://localhost:5173
1698260601093	0ea69278-e286-4de2-ae21-5817eee35dde	GET	/api/	http://localhost:5173
1698260605654	a73048fd-4517-4a09-a560-f8aeaca58b57	GET	/api/	http://localhost:5173
1698260605725	930b74dd-02ef-4daf-8c12-8fa327ba7e55	GET	/api/	http://localhost:5173
1698260609492	f140c263-fbb6-4fec-a375-4bae1161c137	PUT	/api/653563cb2dce788be6a426b9	http://localhost:5173
1698260621707	26f40f23-2c8d-4262-866c-958e55521391	GET	/api/	http://localhost:5173
1698260621786	3478677b-047c-4e18-885d-1427a92ae7e2	GET	/api/	http://localhost:5173
1698260663629	a82fc6ff-d68d-42a1-b9d7-133275b89c91	GET	/api/	http://localhost:5173
1698260663697	4647361a-a195-4bcb-a410-dabc6c3020df	GET	/api/	http://localhost:5173
1698260668621	aae8108c-4105-4d2e-9cf6-ef72b136cb63	PUT	/api/653563cb2dce788be6a426b9	http://localhost:5173
1698260914530	2b5e0e27-83ab-497f-8ab7-7ff7099c3d8a	GET	/api/	http://localhost:5173
1698260914598	85dc331e-386a-4e42-a7da-391586aed763	GET	/api/	http://localhost:5173
1698260933462	027ed7d8-8dfe-4edc-a3f0-be34784bab58	GET	/api/	http://localhost:5173
1698260933543	002a8c87-7698-4c18-b0c1-c89afbacb0a0	GET	/api/	http://localhost:5173
1698260945583	83edc244-1a2f-480c-b596-9c394b0c25c2	PUT	/api/653563cb2dce788be6a426b9	http://localhost:5173
1698260965559	32858e53-23a3-46d5-a4fb-70486d00943e	GET	/api/	http://localhost:5173
1698260965629	54508520-1ede-4fec-88a1-e47391425682	GET	/api/	http://localhost:5173
1698260970279	18700978-343d-4e10-b2cc-bfa0ff9e8cc8	PUT	/api/653563cd2dce788be6a426bb	http://localhost:5173
1698261011835	10deb756-5cce-4dfe-93fb-a133a6be92a9	GET	/api/	http://localhost:5173
1698261011902	3c02c39f-9936-49d7-a2ff-fb87b51cb9f7	GET	/api/	http://localhost:5173
1698261106148	b2aab0e0-bacd-426d-ab2e-456856ace58d	PUT	/api/653563cb2dce788be6a426b9	http://localhost:5173
1698261119908	7536fa5d-2820-404d-9598-4ac7917e77ba	GET	/api/	http://localhost:5173
1698261119986	603c5655-d61e-4253-87cb-20118970d527	GET	/api/	http://localhost:5173
1698261126045	8d7bbe4d-9483-4cb8-afc5-807ab1774705	PUT	/api/undefined	http://localhost:5173
1698261136244	23b2e4c9-360c-4981-8bcd-aa6971ebfbac	PUT	/api/653563cb2dce788be6a426b9	http://localhost:5173
1698261141460	8f385fdc-fa29-4735-8473-b73bbecf4a95	GET	/api/	http://localhost:5173
1698261141536	6731fc00-5ebd-4abf-b12e-01b049cdefcb	GET	/api/	http://localhost:5173
1698261321498	caf81386-cfea-4355-bd75-8273330c7611	GET	/api/	http://localhost:5173
1698261321564	6de63769-1742-4115-8a44-3a4a8b6e3b38	GET	/api/	http://localhost:5173
1698261335450	50eabd1c-f594-4daf-bb7e-c10e3622549a	GET	/api/	http://localhost:5173
1698261335513	ffde2936-7436-4a42-9e11-3be23f21e2e9	GET	/api/	http://localhost:5173
1698261341129	15c560c3-0833-45e1-a5d8-ff92fd58dc67	PUT	/api/653563cb2dce788be6a426b9	http://localhost:5173
1698261365151	329dee70-42bc-4fc6-a95f-c9af6fe8987d	GET	/api/	http://localhost:5173
1698261365212	c60714f8-c9a9-4694-aae0-5b329dbd367d	GET	/api/	http://localhost:5173
1698261368900	22af73db-ddf6-4074-8978-4c7c0c155d01	GET	/api/	http://localhost:5173
1698261368969	2e203a1e-ceef-423a-95c0-922ed908d097	GET	/api/	http://localhost:5173
1698261380702	47ba7d38-6017-461f-9140-487136d2bd1e	PUT	/api/653563cb2dce788be6a426b9	http://localhost:5173
1698261417616	e0314ba2-34bb-41d5-8a6d-c1afd5f1c12c	GET	/api/	http://localhost:5173
1698261417680	00ac695c-0bdb-436d-a6a7-d4201fec42c7	GET	/api/	http://localhost:5173
1698261436366	38ab8030-e188-44e9-a091-8d886674d18b	GET	/api/	http://localhost:5173
1698261436448	79608283-6570-465f-a636-68c6f2f21280	GET	/api/	http://localhost:5173
1698261441344	98d98dee-35b4-4046-a4f8-2d665f78a2f1	PUT	/api/653563cb2dce788be6a426b9	http://localhost:5173
1698261458335	464f7336-5589-449e-a979-4760f3fd870b	GET	/api/	http://localhost:5173
1698261458392	0f41f474-bd13-4a30-b277-0506c63c2d05	GET	/api/	http://localhost:5173
1698261536749	0143bec9-7e7b-4989-a48e-61945fbbf567	GET	/api/	http://localhost:5173
1698261536820	c53939e7-6c35-45b4-87ef-ab08a5a4090a	GET	/api/	http://localhost:5173
1698261540394	c3bd63ac-2299-405f-bc59-d75fb7e271fa	PUT	/api/653563cb2dce788be6a426b9	http://localhost:5173
1698261546118	417fa11a-71be-4ac7-b2a1-588c28e93291	PUT	/api/653563cb2dce788be6a426b9	http://localhost:5173
1698261552288	cc76ffd0-97ac-415d-bcca-d48891746332	GET	/api/	http://localhost:5173
1698261552339	61d3a253-150c-4fd3-868a-34fa952e63de	GET	/api/	http://localhost:5173
1698261553696	b6db6b7e-6482-422c-b597-396f13b39b1d	DELETE	/api/653563cb2dce788be6a426b9	http://localhost:5173
1698261554260	b2d6e39d-0ff1-4f08-a222-6a4426a322ec	DELETE	/api/653563cd2dce788be6a426bb	http://localhost:5173
1698261554758	b3f51e94-183b-4003-af78-d0633a5a3601	DELETE	/api/6539618714f50c63437cba11	http://localhost:5173
1698261555264	22a377d0-9200-48bb-bf9e-d4b757ac2d7b	DELETE	/api/6539625f5c38b03dd17b0aae	http://localhost:5173
1698261557744	a324b2f4-e560-4abb-ac58-bd54e9b4fe40	GET	/api/	http://localhost:5173
1698261557797	bfdfbb29-988c-423a-90dd-e52e81cdae1c	GET	/api/	http://localhost:5173
1698261563990	1ad6deb6-b3e3-49a7-96ce-1b31699b9753	POST	/api/	http://localhost:5173
1698261571331	99f54866-9934-458c-b1b5-ffe27b54f8dd	POST	/api/	http://localhost:5173
1698261575131	d4d38afb-ca6c-46a7-a87a-02ae9dc50d42	GET	/api/	http://localhost:5173
1698261575188	45c4cea1-6b80-4d1f-a89a-a71de4e563d0	GET	/api/	http://localhost:5173
